e:\src\shooter\libs\sdl2-2.0.3\sdl2.dir\debug\vc140.pdb
e:\src\shooter\libs\sdl2-2.0.3\sdl2.dir\debug\sdl_keyboard.obj
e:\src\shooter\libs\sdl2-2.0.3\sdl2.dir\debug\sdl_gesture.obj
e:\src\shooter\libs\sdl2-2.0.3\sdl2.dir\debug\sdl_events.obj
e:\src\shooter\libs\sdl2-2.0.3\sdl2.dir\debug\sdl_dropevents.obj
e:\src\shooter\libs\sdl2-2.0.3\sdl2.dir\debug\sdl_clipboardevents.obj
e:\src\shooter\libs\sdl2-2.0.3\sdl2.dir\debug\sdl_dynapi.obj
e:\src\shooter\libs\sdl2-2.0.3\sdl2.dir\debug\sdl_cpuinfo.obj
e:\src\shooter\libs\sdl2-2.0.3\sdl2.dir\debug\sdl_wave.obj
e:\src\shooter\libs\sdl2-2.0.3\sdl2.dir\debug\sdl_mixer.obj
e:\src\shooter\libs\sdl2-2.0.3\sdl2.dir\debug\sdl_audiotypecvt.obj
e:\src\shooter\libs\sdl2-2.0.3\sdl2.dir\debug\sdl_audiodev.obj
e:\src\shooter\libs\sdl2-2.0.3\sdl2.dir\debug\sdl_audiocvt.obj
e:\src\shooter\libs\sdl2-2.0.3\sdl2.dir\debug\sdl_audio.obj
e:\src\shooter\libs\sdl2-2.0.3\sdl2.dir\debug\sdl_spinlock.obj
e:\src\shooter\libs\sdl2-2.0.3\sdl2.dir\debug\sdl_atomic.obj
e:\src\shooter\libs\sdl2-2.0.3\sdl2.dir\debug\sdl_log.obj
e:\src\shooter\libs\sdl2-2.0.3\sdl2.dir\debug\sdl_hints.obj
e:\src\shooter\libs\sdl2-2.0.3\sdl2.dir\debug\sdl_error.obj
e:\src\shooter\libs\sdl2-2.0.3\sdl2.dir\debug\sdl_assert.obj
e:\src\shooter\libs\sdl2-2.0.3\sdl2.dir\debug\sdl.obj
e:\src\shooter\libs\sdl2-2.0.3\sdl2.dir\debug\s_sin.obj
e:\src\shooter\libs\sdl2-2.0.3\sdl2.dir\debug\s_scalbn.obj
e:\src\shooter\libs\sdl2-2.0.3\sdl2.dir\debug\s_floor.obj
e:\src\shooter\libs\sdl2-2.0.3\sdl2.dir\debug\s_fabs.obj
e:\src\shooter\libs\sdl2-2.0.3\sdl2.dir\debug\s_cos.obj
e:\src\shooter\libs\sdl2-2.0.3\sdl2.dir\debug\s_copysign.obj
e:\src\shooter\libs\sdl2-2.0.3\sdl2.dir\debug\s_atan.obj
e:\src\shooter\libs\sdl2-2.0.3\sdl2.dir\debug\k_sin.obj
e:\src\shooter\libs\sdl2-2.0.3\sdl2.dir\debug\k_rem_pio2.obj
e:\src\shooter\libs\sdl2-2.0.3\sdl2.dir\debug\k_cos.obj
e:\src\shooter\libs\sdl2-2.0.3\sdl2.dir\debug\e_sqrt.obj
e:\src\shooter\libs\sdl2-2.0.3\sdl2.dir\debug\e_rem_pio2.obj
e:\src\shooter\libs\sdl2-2.0.3\sdl2.dir\debug\e_pow.obj
e:\src\shooter\libs\sdl2-2.0.3\sdl2.dir\debug\e_log.obj
e:\src\shooter\libs\sdl2-2.0.3\sdl2.dir\debug\e_atan2.obj
e:\src\shooter\libs\sdl2-2.0.3\sdl2.dir\debug\sdl_rwops.obj
e:\src\shooter\libs\sdl2-2.0.3\sdl2.dir\debug\sdl_windowevents.obj
e:\src\shooter\libs\sdl2-2.0.3\sdl2.dir\debug\sdl_touch.obj
e:\src\shooter\libs\sdl2-2.0.3\sdl2.dir\debug\sdl_quit.obj
e:\src\shooter\libs\sdl2-2.0.3\sdl2.dir\debug\sdl_mouse.obj
e:\src\shooter\libs\sdl2-2.0.3\sdl2.dir\debug\sdl_getenv.obj
e:\src\shooter\libs\sdl2-2.0.3\sdl2.dir\debug\sdl_rotate.obj
e:\src\shooter\libs\sdl2-2.0.3\sdl2.dir\debug\sdl_render_sw.obj
e:\src\shooter\libs\sdl2-2.0.3\sdl2.dir\debug\sdl_drawpoint.obj
e:\src\shooter\libs\sdl2-2.0.3\sdl2.dir\debug\sdl_drawline.obj
e:\src\shooter\libs\sdl2-2.0.3\sdl2.dir\debug\sdl_blendpoint.obj
e:\src\shooter\libs\sdl2-2.0.3\sdl2.dir\debug\sdl_blendline.obj
e:\src\shooter\libs\sdl2-2.0.3\sdl2.dir\debug\sdl_blendfillrect.obj
e:\src\shooter\libs\sdl2-2.0.3\sdl2.dir\debug\sdl_render_psp.obj
e:\src\shooter\libs\sdl2-2.0.3\sdl2.dir\debug\sdl_shaders_gles2.obj
e:\src\shooter\libs\sdl2-2.0.3\sdl2.dir\debug\sdl_render_gles2.obj
e:\src\shooter\libs\sdl2-2.0.3\sdl2.dir\debug\sdl_render_gles.obj
e:\src\shooter\libs\sdl2-2.0.3\sdl2.dir\debug\sdl_shaders_gl.obj
e:\src\shooter\libs\sdl2-2.0.3\sdl2.dir\debug\sdl_render_gl.obj
e:\src\shooter\libs\sdl2-2.0.3\sdl2.dir\debug\sdl_render_d3d11.obj
e:\src\shooter\libs\sdl2-2.0.3\sdl2.dir\debug\sdl_render_d3d.obj
e:\src\shooter\libs\sdl2-2.0.3\sdl2.dir\debug\sdl_yuv_sw.obj
e:\src\shooter\libs\sdl2-2.0.3\sdl2.dir\debug\sdl_yuv_mmx.obj
e:\src\shooter\libs\sdl2-2.0.3\sdl2.dir\debug\sdl_render.obj
e:\src\shooter\libs\sdl2-2.0.3\sdl2.dir\debug\sdl_d3dmath.obj
e:\src\shooter\libs\sdl2-2.0.3\sdl2.dir\debug\sdl_pixels.obj
e:\src\shooter\libs\sdl2-2.0.3\sdl2.dir\debug\sdl_fillrect.obj
e:\src\shooter\libs\sdl2-2.0.3\sdl2.dir\debug\sdl_egl.obj
e:\src\shooter\libs\sdl2-2.0.3\sdl2.dir\debug\sdl_clipboard.obj
e:\src\shooter\libs\sdl2-2.0.3\sdl2.dir\debug\sdl_bmp.obj
e:\src\shooter\libs\sdl2-2.0.3\sdl2.dir\debug\sdl_blit_slow.obj
e:\src\shooter\libs\sdl2-2.0.3\sdl2.dir\debug\sdl_blit_n.obj
e:\src\shooter\libs\sdl2-2.0.3\sdl2.dir\debug\sdl_blit_copy.obj
e:\src\shooter\libs\sdl2-2.0.3\sdl2.dir\debug\sdl_blit_auto.obj
e:\src\shooter\libs\sdl2-2.0.3\sdl2.dir\debug\sdl_blit_a.obj
e:\src\shooter\libs\sdl2-2.0.3\sdl2.dir\debug\sdl_blit_1.obj
e:\src\shooter\libs\sdl2-2.0.3\sdl2.dir\debug\sdl_blit_0.obj
e:\src\shooter\libs\sdl2-2.0.3\sdl2.dir\debug\sdl_blit.obj
e:\src\shooter\libs\sdl2-2.0.3\sdl2.dir\debug\sdl_timer.obj
e:\src\shooter\libs\sdl2-2.0.3\sdl2.dir\debug\sdl_thread.obj
e:\src\shooter\libs\sdl2-2.0.3\sdl2.dir\debug\sdl_string.obj
e:\src\shooter\libs\sdl2-2.0.3\sdl2.dir\debug\sdl_stdlib.obj
e:\src\shooter\libs\sdl2-2.0.3\sdl2.dir\debug\sdl_qsort.obj
e:\src\shooter\libs\sdl2-2.0.3\sdl2.dir\debug\sdl_malloc.obj
e:\src\shooter\libs\sdl2-2.0.3\sdl2.dir\debug\sdl_iconv.obj
e:\src\shooter\libs\sdl2-2.0.3\sdl2.dir\debug\sdl_windowsclipboard.obj
e:\src\shooter\libs\sdl2-2.0.3\sdl2.dir\debug\sdl_xaudio2.obj
e:\src\shooter\libs\sdl2-2.0.3\sdl2.dir\debug\sdl_directsound.obj
e:\src\shooter\libs\sdl2-2.0.3\sdl2.dir\debug\sdl_winmm.obj
e:\src\shooter\libs\sdl2-2.0.3\sdl2.dir\debug\sdl_windows.obj
e:\src\shooter\libs\sdl2-2.0.3\sdl2.dir\debug\sdl_nullvideo.obj
e:\src\shooter\libs\sdl2-2.0.3\sdl2.dir\debug\sdl_nullframebuffer.obj
e:\src\shooter\libs\sdl2-2.0.3\sdl2.dir\debug\sdl_nullevents.obj
e:\src\shooter\libs\sdl2-2.0.3\sdl2.dir\debug\sdl_diskaudio.obj
e:\src\shooter\libs\sdl2-2.0.3\sdl2.dir\debug\sdl_dummyaudio.obj
e:\src\shooter\libs\sdl2-2.0.3\sdl2.dir\debug\sdl_power.obj
e:\src\shooter\libs\sdl2-2.0.3\sdl2.dir\debug\sdl_haptic.obj
e:\src\shooter\libs\sdl2-2.0.3\sdl2.dir\debug\sdl_joystick.obj
e:\src\shooter\libs\sdl2-2.0.3\sdl2.dir\debug\sdl_gamecontroller.obj
e:\src\shooter\libs\sdl2-2.0.3\sdl2.dir\debug\sdl_video.obj
e:\src\shooter\libs\sdl2-2.0.3\sdl2.dir\debug\sdl_surface.obj
e:\src\shooter\libs\sdl2-2.0.3\sdl2.dir\debug\sdl_stretch.obj
e:\src\shooter\libs\sdl2-2.0.3\sdl2.dir\debug\sdl_shape.obj
e:\src\shooter\libs\sdl2-2.0.3\sdl2.dir\debug\sdl_rleaccel.obj
e:\src\shooter\libs\sdl2-2.0.3\sdl2.dir\debug\sdl_rect.obj
e:\src\shooter\libs\sdl2-2.0.3\sdl2.dir\debug\sdl_sysloadso.obj
e:\src\shooter\libs\sdl2-2.0.3\sdl2.dir\debug\sdl_systimer.obj
e:\src\shooter\libs\sdl2-2.0.3\sdl2.dir\debug\sdl_sysfilesystem.obj
e:\src\shooter\libs\sdl2-2.0.3\sdl2.dir\debug\sdl_syspower.obj
e:\src\shooter\libs\sdl2-2.0.3\sdl2.dir\debug\sdl_syscond.obj
e:\src\shooter\libs\sdl2-2.0.3\sdl2.dir\debug\sdl_systls.obj
e:\src\shooter\libs\sdl2-2.0.3\sdl2.dir\debug\sdl_systhread.obj
e:\src\shooter\libs\sdl2-2.0.3\sdl2.dir\debug\sdl_syssem.obj
e:\src\shooter\libs\sdl2-2.0.3\sdl2.dir\debug\sdl_sysmutex.obj
e:\src\shooter\libs\sdl2-2.0.3\sdl2.dir\debug\sdl_windowswindow.obj
e:\src\shooter\libs\sdl2-2.0.3\sdl2.dir\debug\sdl_windowsvideo.obj
e:\src\shooter\libs\sdl2-2.0.3\sdl2.dir\debug\sdl_windowsshape.obj
e:\src\shooter\libs\sdl2-2.0.3\sdl2.dir\debug\sdl_windowsopengles.obj
e:\src\shooter\libs\sdl2-2.0.3\sdl2.dir\debug\sdl_windowsopengl.obj
e:\src\shooter\libs\sdl2-2.0.3\sdl2.dir\debug\sdl_windowsmouse.obj
e:\src\shooter\libs\sdl2-2.0.3\sdl2.dir\debug\sdl_windowsmodes.obj
e:\src\shooter\libs\sdl2-2.0.3\sdl2.dir\debug\sdl_windowsmessagebox.obj
e:\src\shooter\libs\sdl2-2.0.3\sdl2.dir\debug\sdl_windowskeyboard.obj
e:\src\shooter\libs\sdl2-2.0.3\sdl2.dir\debug\sdl_windowsframebuffer.obj
e:\src\shooter\libs\sdl2-2.0.3\sdl2.dir\debug\sdl_windowsevents.obj
e:\src\shooter\libs\sdl2-2.0.3\sdl2.dir\debug\sdl_syshaptic.obj
e:\src\shooter\libs\sdl2-2.0.3\sdl2.dir\debug\sdl_dxjoystick.obj
e:\src\shooter\libs\sdl2-2.0.3\cmakefiles\generate.stamp
e:\src\shooter\libs\sdl2-2.0.3\sdl2.dir\debug\sdl2.tlog\cl.command.1.tlog
e:\src\shooter\libs\sdl2-2.0.3\sdl2.dir\debug\sdl2.tlog\cl.read.1.tlog
e:\src\shooter\libs\sdl2-2.0.3\sdl2.dir\debug\sdl2.tlog\cl.write.1.tlog
e:\src\shooter\libs\sdl2-2.0.3\sdl2.dir\debug\sdl2.tlog\custombuild.command.1.tlog
e:\src\shooter\libs\sdl2-2.0.3\sdl2.dir\debug\sdl2.tlog\custombuild.read.1.tlog
e:\src\shooter\libs\sdl2-2.0.3\sdl2.dir\debug\sdl2.tlog\custombuild.write.1.tlog
e:\src\shooter\libs\sdl2-2.0.3\sdl2.dir\debug\sdl2.tlog\link-cvtres.read.1.tlog
e:\src\shooter\libs\sdl2-2.0.3\sdl2.dir\debug\sdl2.tlog\link-cvtres.write.1.tlog
e:\src\shooter\libs\sdl2-2.0.3\sdl2.dir\debug\sdl2.tlog\link-rc.read.1.tlog
e:\src\shooter\libs\sdl2-2.0.3\sdl2.dir\debug\sdl2.tlog\link-rc.write.1.tlog
e:\src\shooter\libs\sdl2-2.0.3\sdl2.dir\debug\sdl2.tlog\link.command.1.tlog
e:\src\shooter\libs\sdl2-2.0.3\sdl2.dir\debug\sdl2.tlog\link.read.1.tlog
e:\src\shooter\libs\sdl2-2.0.3\sdl2.dir\debug\sdl2.tlog\link.write.1.tlog
